<?xml version="1.0" encoding="UTF-8"?>
<testng-results ignored="0" total="1" passed="1" failed="0" skipped="0">
  <reporter-output>
  </reporter-output>
  <suite started-at="2021-11-10T19:55:00 EST" name="Default suite" finished-at="2021-11-10T19:55:00 EST" duration-ms="60">
    <groups>
    </groups>
    <test started-at="2021-11-10T19:55:00 EST" name="Default test" finished-at="2021-11-10T19:55:00 EST" duration-ms="60">
      <class name="program.Hashmappr">
        <test-method signature="mymethod()[pri:0, instance:program.Hashmappr@1ddf84b8]" started-at="2021-11-10T19:55:00 EST" name="mymethod" finished-at="2021-11-10T19:55:00 EST" duration-ms="9" status="PASS">
          <reporter-output>
          </reporter-output>
        </test-method> <!-- mymethod -->
      </class> <!-- program.Hashmappr -->
    </test> <!-- Default test -->
  </suite> <!-- Default suite -->
</testng-results>
